INFO     <2017-01-05 17:51:56,899> (client.py:81) - Initializing project - /Users/stanciua/exercism/scala/grains
WARNING  <2017-01-05 17:51:57,581> (protocol.py:62) - Response has not been handled: 
{u'implementation': {u'name': u'ENSIME'},
 u'typehint': u'ConnectionInfo',
 u'version': u'1.0'}
INFO     <2017-01-05 17:52:52,496> (protocol.py:244) - Displayed type FunSuite
WARNING  <2017-01-05 17:52:54,303> (protocol.py:62) - Response has not been handled: 
{u'typehint': u'ClearAllScalaNotesEvent'}
INFO     <2017-01-05 17:53:01,714> (protocol.py:244) - Displayed type FunSuite
INFO     <2017-01-05 17:53:02,211> (typecheck.py:27) - Readying typecheck...
INFO     <2017-01-05 17:56:58,964> (protocol.py:244) - Displayed type Matchers
WARNING  <2017-01-05 17:56:58,965> (protocol.py:62) - Response has not been handled: 
{u'typehint': u'ClearAllScalaNotesEvent'}
INFO     <2017-01-05 17:56:58,967> (protocol.py:244) - Displayed type Matchers
WARNING  <2017-01-05 17:56:58,967> (protocol.py:62) - Response has not been handled: 
{u'typehint': u'ClearAllScalaNotesEvent'}
WARNING  <2017-01-05 17:56:58,968> (protocol.py:62) - Response has not been handled: 
{u'typehint': u'VoidResponse'}
INFO     <2017-01-06 09:05:19,645> (typecheck.py:27) - Readying typecheck...
WARNING  <2017-01-06 09:05:24,717> (protocol.py:62) - Response has not been handled: 
{u'typehint': u'ClearAllScalaNotesEvent'}
WARNING  <2017-01-06 09:05:24,717> (protocol.py:62) - Response has not been handled: 
{u'typehint': u'VoidResponse'}
WARNING  <2017-01-06 09:05:31,450> (protocol.py:62) - Response has not been handled: 
{u'typehint': u'ClearAllScalaNotesEvent'}
WARNING  <2017-01-06 09:05:32,460> (protocol.py:62) - Response has not been handled: 
{u'typehint': u'CompilerRestartedEvent'}
INFO     <2017-01-06 09:06:14,948> (typecheck.py:27) - Readying typecheck...
WARNING  <2017-01-06 09:06:17,583> (protocol.py:62) - Response has not been handled: 
{u'typehint': u'ClearAllScalaNotesEvent'}
WARNING  <2017-01-06 09:06:17,583> (protocol.py:62) - Response has not been handled: 
{u'typehint': u'VoidResponse'}
INFO     <2017-01-06 09:06:28,863> (typecheck.py:27) - Readying typecheck...
WARNING  <2017-01-06 09:06:30,119> (protocol.py:62) - Response has not been handled: 
{u'typehint': u'ClearAllScalaNotesEvent'}
WARNING  <2017-01-06 09:06:30,120> (protocol.py:62) - Response has not been handled: 
{u'typehint': u'VoidResponse'}
INFO     <2017-01-06 09:06:52,215> (typecheck.py:27) - Readying typecheck...
WARNING  <2017-01-06 09:06:55,045> (protocol.py:62) - Response has not been handled: 
{u'typehint': u'ClearAllScalaNotesEvent'}
WARNING  <2017-01-06 09:06:55,045> (protocol.py:62) - Response has not been handled: 
{u'typehint': u'VoidResponse'}
WARNING  <2017-01-06 09:07:01,104> (protocol.py:62) - Response has not been handled: 
{u'typehint': u'ClearAllScalaNotesEvent'}
WARNING  <2017-01-06 09:07:02,011> (protocol.py:62) - Response has not been handled: 
{u'typehint': u'CompilerRestartedEvent'}
INFO     <2017-01-06 09:09:47,587> (typecheck.py:27) - Readying typecheck...
WARNING  <2017-01-06 09:09:50,252> (protocol.py:62) - Response has not been handled: 
{u'typehint': u'ClearAllScalaNotesEvent'}
WARNING  <2017-01-06 09:09:50,253> (protocol.py:62) - Response has not been handled: 
{u'typehint': u'VoidResponse'}
INFO     <2017-01-06 09:12:47,418> (typecheck.py:27) - Readying typecheck...
WARNING  <2017-01-06 09:12:49,751> (protocol.py:62) - Response has not been handled: 
{u'typehint': u'ClearAllScalaNotesEvent'}
WARNING  <2017-01-06 09:12:49,752> (protocol.py:62) - Response has not been handled: 
{u'typehint': u'VoidResponse'}
INFO     <2017-01-06 09:12:56,251> (typecheck.py:27) - Readying typecheck...
WARNING  <2017-01-06 09:12:58,885> (protocol.py:62) - Response has not been handled: 
{u'typehint': u'ClearAllScalaNotesEvent'}
WARNING  <2017-01-06 09:12:58,885> (protocol.py:62) - Response has not been handled: 
{u'typehint': u'VoidResponse'}
INFO     <2017-01-06 09:14:23,779> (typecheck.py:27) - Readying typecheck...
WARNING  <2017-01-06 09:14:26,472> (protocol.py:62) - Response has not been handled: 
{u'typehint': u'ClearAllScalaNotesEvent'}
WARNING  <2017-01-06 09:14:26,473> (protocol.py:62) - Response has not been handled: 
{u'typehint': u'VoidResponse'}
WARNING  <2017-01-06 09:14:31,165> (protocol.py:62) - Response has not been handled: 
{u'typehint': u'ClearAllScalaNotesEvent'}
WARNING  <2017-01-06 09:14:32,173> (protocol.py:62) - Response has not been handled: 
{u'typehint': u'CompilerRestartedEvent'}
INFO     <2017-01-06 09:16:11,564> (typecheck.py:27) - Readying typecheck...
WARNING  <2017-01-06 09:16:14,191> (protocol.py:62) - Response has not been handled: 
{u'typehint': u'ClearAllScalaNotesEvent'}
WARNING  <2017-01-06 09:16:14,191> (protocol.py:62) - Response has not been handled: 
{u'typehint': u'VoidResponse'}
INFO     <2017-01-06 09:16:34,952> (typecheck.py:27) - Readying typecheck...
WARNING  <2017-01-06 09:16:37,583> (protocol.py:62) - Response has not been handled: 
{u'typehint': u'ClearAllScalaNotesEvent'}
WARNING  <2017-01-06 09:16:37,584> (protocol.py:62) - Response has not been handled: 
{u'typehint': u'VoidResponse'}
WARNING  <2017-01-06 09:16:41,572> (protocol.py:62) - Response has not been handled: 
{u'typehint': u'ClearAllScalaNotesEvent'}
WARNING  <2017-01-06 09:16:41,572> (protocol.py:62) - Response has not been handled: 
{u'typehint': u'CompilerRestartedEvent'}
INFO     <2017-01-06 09:16:43,441> (typecheck.py:27) - Readying typecheck...
WARNING  <2017-01-06 09:16:46,667> (protocol.py:62) - Response has not been handled: 
{u'typehint': u'ClearAllScalaNotesEvent'}
WARNING  <2017-01-06 09:16:46,669> (protocol.py:62) - Response has not been handled: 
{u'typehint': u'VoidResponse'}
WARNING  <2017-01-06 09:16:51,723> (protocol.py:62) - Response has not been handled: 
{u'typehint': u'ClearAllScalaNotesEvent'}
WARNING  <2017-01-06 09:16:51,723> (protocol.py:62) - Response has not been handled: 
{u'typehint': u'CompilerRestartedEvent'}
INFO     <2017-01-06 09:17:04,789> (typecheck.py:27) - Readying typecheck...
WARNING  <2017-01-06 09:17:07,804> (protocol.py:62) - Response has not been handled: 
{u'typehint': u'ClearAllScalaNotesEvent'}
WARNING  <2017-01-06 09:17:07,805> (protocol.py:62) - Response has not been handled: 
{u'typehint': u'VoidResponse'}
WARNING  <2017-01-06 09:17:11,630> (protocol.py:62) - Response has not been handled: 
{u'typehint': u'ClearAllScalaNotesEvent'}
WARNING  <2017-01-06 09:17:11,630> (protocol.py:62) - Response has not been handled: 
{u'typehint': u'CompilerRestartedEvent'}
WARNING  <2017-01-06 09:17:21,570> (protocol.py:62) - Response has not been handled: 
{u'typehint': u'ClearAllScalaNotesEvent'}
WARNING  <2017-01-06 09:17:22,583> (protocol.py:62) - Response has not been handled: 
{u'typehint': u'CompilerRestartedEvent'}
INFO     <2017-01-06 09:18:56,299> (typecheck.py:27) - Readying typecheck...
WARNING  <2017-01-06 09:18:59,207> (protocol.py:62) - Response has not been handled: 
{u'typehint': u'ClearAllScalaNotesEvent'}
WARNING  <2017-01-06 09:18:59,207> (protocol.py:62) - Response has not been handled: 
{u'typehint': u'VoidResponse'}
WARNING  <2017-01-06 09:19:11,579> (protocol.py:62) - Response has not been handled: 
{u'typehint': u'ClearAllScalaNotesEvent'}
WARNING  <2017-01-06 09:19:11,579> (protocol.py:62) - Response has not been handled: 
{u'typehint': u'CompilerRestartedEvent'}
INFO     <2017-01-06 09:19:59,094> (typecheck.py:27) - Readying typecheck...
WARNING  <2017-01-06 09:20:01,856> (protocol.py:62) - Response has not been handled: 
{u'typehint': u'ClearAllScalaNotesEvent'}
WARNING  <2017-01-06 09:20:01,856> (protocol.py:62) - Response has not been handled: 
{u'typehint': u'VoidResponse'}
WARNING  <2017-01-06 09:20:11,630> (protocol.py:62) - Response has not been handled: 
{u'typehint': u'ClearAllScalaNotesEvent'}
WARNING  <2017-01-06 09:20:11,631> (protocol.py:62) - Response has not been handled: 
{u'typehint': u'CompilerRestartedEvent'}
INFO     <2017-01-06 09:20:17,676> (typecheck.py:27) - Readying typecheck...
WARNING  <2017-01-06 09:20:20,305> (protocol.py:62) - Response has not been handled: 
{u'typehint': u'ClearAllScalaNotesEvent'}
WARNING  <2017-01-06 09:20:20,306> (protocol.py:62) - Response has not been handled: 
{u'typehint': u'VoidResponse'}
WARNING  <2017-01-06 09:20:31,058> (protocol.py:62) - Response has not been handled: 
{u'typehint': u'ClearAllScalaNotesEvent'}
WARNING  <2017-01-06 09:20:32,071> (protocol.py:62) - Response has not been handled: 
{u'typehint': u'CompilerRestartedEvent'}
INFO     <2017-01-06 09:20:52,975> (typecheck.py:27) - Readying typecheck...
WARNING  <2017-01-06 09:20:55,645> (protocol.py:62) - Response has not been handled: 
{u'typehint': u'ClearAllScalaNotesEvent'}
WARNING  <2017-01-06 09:20:55,646> (protocol.py:62) - Response has not been handled: 
{u'typehint': u'VoidResponse'}
WARNING  <2017-01-06 09:21:02,458> (protocol.py:62) - Response has not been handled: 
{u'typehint': u'ClearAllScalaNotesEvent'}
WARNING  <2017-01-06 09:21:02,458> (protocol.py:62) - Response has not been handled: 
{u'typehint': u'CompilerRestartedEvent'}
INFO     <2017-01-06 09:21:31,782> (typecheck.py:27) - Readying typecheck...
WARNING  <2017-01-06 09:21:34,052> (protocol.py:62) - Response has not been handled: 
{u'typehint': u'ClearAllScalaNotesEvent'}
WARNING  <2017-01-06 09:21:34,052> (protocol.py:62) - Response has not been handled: 
{u'typehint': u'VoidResponse'}
INFO     <2017-01-06 09:21:45,930> (typecheck.py:27) - Readying typecheck...
WARNING  <2017-01-06 09:21:48,583> (protocol.py:62) - Response has not been handled: 
{u'typehint': u'ClearAllScalaNotesEvent'}
WARNING  <2017-01-06 09:21:48,583> (protocol.py:62) - Response has not been handled: 
{u'typehint': u'VoidResponse'}
WARNING  <2017-01-06 09:22:01,776> (protocol.py:62) - Response has not been handled: 
{u'typehint': u'ClearAllScalaNotesEvent'}
WARNING  <2017-01-06 09:22:01,776> (protocol.py:62) - Response has not been handled: 
{u'typehint': u'CompilerRestartedEvent'}
INFO     <2017-01-06 09:22:54,132> (typecheck.py:27) - Readying typecheck...
WARNING  <2017-01-06 09:22:56,868> (protocol.py:62) - Response has not been handled: 
{u'typehint': u'ClearAllScalaNotesEvent'}
WARNING  <2017-01-06 09:22:56,868> (protocol.py:62) - Response has not been handled: 
{u'typehint': u'VoidResponse'}
WARNING  <2017-01-06 09:23:01,920> (protocol.py:62) - Response has not been handled: 
{u'typehint': u'ClearAllScalaNotesEvent'}
WARNING  <2017-01-06 09:23:01,920> (protocol.py:62) - Response has not been handled: 
{u'typehint': u'CompilerRestartedEvent'}
INFO     <2017-01-06 09:23:10,931> (typecheck.py:27) - Readying typecheck...
WARNING  <2017-01-06 09:23:13,536> (protocol.py:62) - Response has not been handled: 
{u'typehint': u'ClearAllScalaNotesEvent'}
WARNING  <2017-01-06 09:23:13,537> (protocol.py:62) - Response has not been handled: 
{u'typehint': u'VoidResponse'}
WARNING  <2017-01-06 09:23:21,650> (protocol.py:62) - Response has not been handled: 
{u'typehint': u'ClearAllScalaNotesEvent'}
WARNING  <2017-01-06 09:23:21,650> (protocol.py:62) - Response has not been handled: 
{u'typehint': u'CompilerRestartedEvent'}
INFO     <2017-01-06 09:23:30,238> (typecheck.py:27) - Readying typecheck...
WARNING  <2017-01-06 09:23:32,733> (protocol.py:62) - Response has not been handled: 
{u'typehint': u'ClearAllScalaNotesEvent'}
WARNING  <2017-01-06 09:23:32,734> (protocol.py:62) - Response has not been handled: 
{u'typehint': u'VoidResponse'}
INFO     <2017-01-06 09:23:47,242> (typecheck.py:27) - Readying typecheck...
WARNING  <2017-01-06 09:23:49,752> (protocol.py:62) - Response has not been handled: 
{u'typehint': u'ClearAllScalaNotesEvent'}
WARNING  <2017-01-06 09:23:49,752> (protocol.py:62) - Response has not been handled: 
{u'typehint': u'VoidResponse'}
